\BOOKMARK [1][-]{section.1}{Overview}{}% 1
\BOOKMARK [1][-]{section.2}{The Common Data Format \(CDF\)}{}% 2
\BOOKMARK [2][-]{subsection.2.1}{Requirements}{section.2}% 3
\BOOKMARK [2][-]{subsection.2.2}{Conventions}{section.2}% 4
\BOOKMARK [2][-]{subsection.2.3}{Considerations for Large Datasets}{section.2}% 5
\BOOKMARK [1][-]{section.3}{The CSV Metadata Format}{}% 6
\BOOKMARK [1][-]{section.4}{Structure of the Package}{}% 7
\BOOKMARK [2][-]{subsection.4.1}{tools}{section.4}% 8
\BOOKMARK [3][-]{subsubsection.4.1.1}{csv.py}{subsection.4.1}% 9
\BOOKMARK [3][-]{subsubsection.4.1.2}{dataset.py}{subsection.4.1}% 10
\BOOKMARK [3][-]{subsubsection.4.1.3}{hdf.py}{subsection.4.1}% 11
\BOOKMARK [3][-]{subsubsection.4.1.4}{math.py}{subsection.4.1}% 12
\BOOKMARK [3][-]{subsubsection.4.1.5}{pos.py}{subsection.4.1}% 13
\BOOKMARK [3][-]{subsubsection.4.1.6}{util.py}{subsection.4.1}% 14
\BOOKMARK [2][-]{subsection.4.2}{load}{section.4}% 15
\BOOKMARK [3][-]{subsubsection.4.2.1}{lapd.py}{subsection.4.2}% 16
\BOOKMARK [3][-]{subsubsection.4.2.2}{hrr.py}{subsection.4.2}% 17
\BOOKMARK [3][-]{subsubsection.4.2.3}{imgdir.py}{subsection.4.2}% 18
\BOOKMARK [3][-]{subsubsection.4.2.4}{ascii.py}{subsection.4.2}% 19
\BOOKMARK [2][-]{subsection.4.3}{process}{section.4}% 20
\BOOKMARK [3][-]{subsubsection.4.3.1}{bdot.py}{subsection.4.3}% 21
\BOOKMARK [3][-]{subsubsection.4.3.2}{tdiode.py}{subsection.4.3}% 22
\BOOKMARK [3][-]{subsubsection.4.3.3}{langmuir.py}{subsection.4.3}% 23
\BOOKMARK [3][-]{subsubsection.4.3.4}{interferometer.py}{subsection.4.3}% 24
\BOOKMARK [3][-]{subsubsection.4.3.5}{imgseq.py}{subsection.4.3}% 25
\BOOKMARK [3][-]{subsubsection.4.3.6}{scope.py}{subsection.4.3}% 26
\BOOKMARK [3][-]{subsubsection.4.3.7}{process.py}{subsection.4.3}% 27
\BOOKMARK [2][-]{subsection.4.4}{analyze}{section.4}% 28
\BOOKMARK [3][-]{subsubsection.4.4.1}{filter.py}{subsection.4.4}% 29
\BOOKMARK [3][-]{subsubsection.4.4.2}{polarization.py}{subsection.4.4}% 30
\BOOKMARK [3][-]{subsubsection.4.4.3}{spectral.spectrogram.py}{subsection.4.4}% 31
\BOOKMARK [3][-]{subsubsection.4.4.4}{thomson.thomson\137scattering.py}{subsection.4.4}% 32
\BOOKMARK [2][-]{subsection.4.5}{user}{section.4}% 33
\BOOKMARK [2][-]{subsection.4.6}{dataview}{section.4}% 34
\BOOKMARK [1][-]{appendix.A}{Metadata CSV Key Dictionary}{}% 35
\BOOKMARK [2][-]{subsection.A.1}{Experiment Data}{appendix.A}% 36
\BOOKMARK [2][-]{subsection.A.2}{Run-Type}{appendix.A}% 37
\BOOKMARK [2][-]{subsection.A.3}{Probe-Type}{appendix.A}% 38
\BOOKMARK [3][-]{subsubsection.A.3.1}{Probe-Type: Bdots Probes}{subsection.A.3}% 39
\BOOKMARK [3][-]{subsubsection.A.3.2}{Probe-Type: Langmuir Probes}{subsection.A.3}% 40
\BOOKMARK [2][-]{subsection.A.4}{Run-Probe Type}{appendix.A}% 41
\BOOKMARK [3][-]{subsubsection.A.4.1}{Run-Probe Type: LAPD Digitizer}{subsection.A.4}% 42
\BOOKMARK [3][-]{subsubsection.A.4.2}{Run-Probe Type: HRR Digitizer}{subsection.A.4}% 43
\BOOKMARK [3][-]{subsubsection.A.4.3}{Run-Probe Type: Probes with Position Information}{subsection.A.4}% 44
\BOOKMARK [3][-]{subsubsection.A.4.4}{Run-Probe Type: Probes Using LAPD Motor Drives}{subsection.A.4}% 45
\BOOKMARK [3][-]{subsubsection.A.4.5}{Run-Probe Type: Probes Using HRR-Controlled Motor Drives}{subsection.A.4}% 46
\BOOKMARK [3][-]{subsubsection.A.4.6}{Run-Probe Type: Bdot Probes}{subsection.A.4}% 47
\BOOKMARK [3][-]{subsubsection.A.4.7}{Run-Probe Type: Langmuir Probes}{subsection.A.4}% 48
